### CustomExplorer log file, revision F-2011.09-SP2 (build 0205) ###
### created at 09:21:28 on Fri Mar 15 2013 (Linux AMD64) ###
wv_start_log
# (0) running in waveview only mode
# (0) SW_SX_PERL_LIB defined
# (0) SW_SX_TCL_LIB defined
# (0) HOME defined
wv_move_window CustomWaveView 0 0
wv_resize_window CustomWaveView 800 400
wv_move_window CustomWaveView 68 155
wv_move_window CustomWaveView 132 161
wv_resize_window CustomWaveView 1753 927
wv_select_menu_item {File} {Import Waveform File ...}
wv_move_dialog FileDialog 761 158
wv_select_dialog FileDialog
wv_set_text FileDialog.FileName {}
wv_horz_scroll FileDialog.FileList 32
wv_horz_scroll FileDialog.FileList 64
wv_horz_scroll FileDialog.FileList 96
wv_horz_scroll FileDialog.FileList 128
wv_select_list_item FileDialog.FileList idsat_tb.tr0
wv_horz_scroll FileDialog.FileList 166
wv_press_button FileDialog.Ok
wv_select_hierview_item {FILE0:D0:idsat_tb.tr0}
wv_select_hierview_item {FILE0:D0:idsat_tb.tr0}
wv_dclick_hierview_item {FILE0:D0:idsat_tb.tr0}
wv_select_hierview_item {FILE0:D0:idsat_tb.tr0} {toplevel}
wv_select_sigview_item v(wl)
wv_dclick_sigview_item v(wl)
wv_select_sigview_item par(idsat)
wv_dclick_sigview_item par(idsat)
wv_select_waveview 1
wv_select_menu_item {File} {Import Waveform File ...}
wv_move_dialog FileDialog 1 28
wv_select_dialog FileDialog
wv_set_text FileDialog.FileName {idsat_tb.tr0}
wv_horz_scroll FileDialog.FileList 336
wv_horz_scroll FileDialog.FileList 672
wv_horz_scroll FileDialog.FileList 1008
wv_horz_scroll FileDialog.FileList 1344
wv_horz_scroll FileDialog.FileList 1680
wv_select_list_item FileDialog.FileList part2_decoder_Blocked_Slowed_Switched_WR_Voltages.tr0
wv_horz_scroll FileDialog.FileList 1621
wv_move_dialog FileDialog 762 158
wv_move_dialog FileDialog 763 158
wv_move_dialog FileDialog 763 156
wv_move_dialog FileDialog 765 152
wv_move_dialog FileDialog 767 147
wv_move_dialog FileDialog 774 88
wv_move_dialog FileDialog 776 24
wv_press_button FileDialog.Ok
wv_select_hierview_item {FILE1:D0:part2_decoder_Blocked_Slowed_Switched_WR_Voltages.tr0}
wv_select_hierview_item {FILE1:D0:part2_decoder_Blocked_Slowed_Switched_WR_Voltages.tr0}
wv_dclick_hierview_item {FILE1:D0:part2_decoder_Blocked_Slowed_Switched_WR_Voltages.tr0}
wv_select_hierview_item {FILE1:D0:part2_decoder_Blocked_Slowed_Switched_WR_Voltages.tr0} {toplevel}
wv_resize_window CustomWaveView 1755 928
wv_resize_window CustomWaveView 1753 927
wv_resize_window CustomWaveView 1752 926
wv_resize_window CustomWaveView 1739 914
wv_resize_window CustomWaveView 1707 891
wv_resize_window CustomWaveView 1690 871
wv_resize_window CustomWaveView 1668 850
wv_resize_window CustomWaveView 1660 841
wv_resize_window CustomWaveView 1660 840
wv_resize_window CustomWaveView 1660 838
wv_resize_window CustomWaveView 1650 821
wv_resize_window CustomWaveView 1633 806
wv_resize_window CustomWaveView 1617 790
wv_resize_window CustomWaveView 1604 771
wv_resize_window CustomWaveView 1598 761
wv_resize_window CustomWaveView 1593 750
wv_resize_window CustomWaveView 1587 741
wv_move_window CustomWaveView 230 210
wv_move_window CustomWaveView 229 209
wv_move_window CustomWaveView 228 207
wv_move_window CustomWaveView 228 206
wv_move_window CustomWaveView 227 206
wv_move_window CustomWaveView 227 205
wv_move_window CustomWaveView 226 204
wv_move_window CustomWaveView 225 203
wv_move_window CustomWaveView 222 200
wv_move_window CustomWaveView 219 196
wv_move_window CustomWaveView 214 190
wv_move_window CustomWaveView 185 144
wv_move_window CustomWaveView 158 70
wv_move_window CustomWaveView 156 67
wv_move_window CustomWaveView 155 65
wv_move_window CustomWaveView 155 63
wv_move_window CustomWaveView 153 60
wv_move_window CustomWaveView 150 54
wv_move_window CustomWaveView 146 48
wv_move_window CustomWaveView 135 34
wv_move_window CustomWaveView 132 32
wv_move_window CustomWaveView 131 31
wv_move_window CustomWaveView 130 30
wv_move_window CustomWaveView 129 29
wv_move_window CustomWaveView 128 29
wv_move_window CustomWaveView 127 29
wv_move_window CustomWaveView 127 28
wv_move_window CustomWaveView 126 28
wv_move_window CustomWaveView 126 27
wv_move_window CustomWaveView 125 26
wv_move_window CustomWaveView 124 26
wv_move_window CustomWaveView 124 27
wv_move_window CustomWaveView 123 27
wv_move_window CustomWaveView 123 28
wv_move_window CustomWaveView 122 29
wv_move_window CustomWaveView 120 30
wv_move_window CustomWaveView 117 32
wv_move_window CustomWaveView 116 33
wv_move_window CustomWaveView 112 36
wv_move_window CustomWaveView 110 40
wv_move_window CustomWaveView 108 41
wv_move_window CustomWaveView 105 43
wv_move_window CustomWaveView 104 44
wv_move_window CustomWaveView 103 45
wv_move_window CustomWaveView 101 46
wv_move_window CustomWaveView 99 47
wv_move_window CustomWaveView 98 47
wv_move_window CustomWaveView 97 47
wv_move_window CustomWaveView 96 47
wv_move_window CustomWaveView 95 47
wv_move_window CustomWaveView 94 47
wv_move_window CustomWaveView 91 46
wv_move_window CustomWaveView 90 44
wv_move_window CustomWaveView 87 43
wv_move_window CustomWaveView 86 42
wv_move_window CustomWaveView 85 42
wv_move_window CustomWaveView 85 41
wv_move_window CustomWaveView 84 41
wv_move_window CustomWaveView 83 41
wv_move_window CustomWaveView 82 41
wv_move_window CustomWaveView 82 40
wv_move_window CustomWaveView 81 40
wv_move_window CustomWaveView 80 40
wv_move_window CustomWaveView 80 39
wv_move_window CustomWaveView 79 39
wv_move_window CustomWaveView 78 39
wv_move_window CustomWaveView 78 38
wv_move_window CustomWaveView 77 38
wv_move_window CustomWaveView 76 38
wv_move_window CustomWaveView 75 37
wv_move_window CustomWaveView 74 37
wv_move_window CustomWaveView 73 37
wv_move_window CustomWaveView 72 37
wv_move_window CustomWaveView 72 36
wv_move_window CustomWaveView 71 36
wv_move_window CustomWaveView 70 36
wv_move_window CustomWaveView 69 36
wv_move_window CustomWaveView 68 36
wv_move_window CustomWaveView 67 36
wv_move_window CustomWaveView 66 36
wv_move_window CustomWaveView 65 36
wv_select_sigview_item v(b0wl0_sw)
wv_dclick_sigview_item v(b0wl0_sw)
wv_horz_scroll sigview 164
wv_horz_scroll sigview 0
wv_horz_scroll sigview 159
wv_select_sigview_item v(blpc_b)
wv_dclick_sigview_item v(blpc_b)
wv_select_wv_item WV1.PANEL3:1.LEGEND
wv_select_panel WV1.PANEL3:1.LEGEND
wv_select_wv_item WV1.PANEL4:1.LEGEND
wv_drag_item_to WV1 35 535
wv_drag_enter WV1
wv_drag_to WV1 35 535
wv_drag_to WV1 37 437
wv_drag_to WV1 37 418
wv_drop_on WV1
wv_drag_item_to WV1 35 535
wv_horz_scroll sigview 0
wv_select_sigview_item v(b0wl255_sw)
wv_dclick_sigview_item v(b0wl255_sw)
wv_select_wv_item WV1.PANEL4:1.LEGEND
wv_drag_item_to WV1 61 527
wv_drag_enter WV1
wv_drag_to WV1 59 523
wv_drag_to WV1 53 466
wv_drag_to WV1 50 427
wv_drop_on WV1
wv_drag_item_to WV1 59 523
wv_select_wv_item {WV1.ICON.measurement tool}
wv_move_dialog MeasurementTool 481 112
wv_select_dialog MeasurementTool
wv_release_wv_item WV1 117 7
wv_press_button MeasurementTool.AllOk
wv_select_wv_item WV1.MEAS1
wv_drag_item_to WV1 300 229
wv_move_wv_item WV1.MEAS1 483 514
wv_select_wv_item WV1.MEAS1
wv_drag_item_to WV1 518 540
wv_move_wv_item WV1.MEAS1 435 527
wv_select_wv_item WV1.MEAS1
wv_drag_item_to WV1 479 547
wv_move_wv_item WV1.MEAS1 447 432
wv_horz_scroll sigview 164
wv_horz_scroll sigview 0
wv_horz_scroll sigview 164
wv_select_sigview_item v(bl0)
wv_dclick_sigview_item v(bl0)
wv_select_sigview_item v(bl_b0)
wv_dclick_sigview_item v(bl_b0)
wv_select_wv_item WV1.PANEL5:1.LEGEND
wv_drag_item_to WV1 29 539
wv_drag_enter WV1
wv_drag_to WV1 30 533
wv_drag_to WV1 30 506
wv_drag_to WV1 33 463
wv_drop_on WV1
wv_drag_item_to WV1 30 533
wv_select_waveview 1
wv_select_hierview_item {FILE0:D0:idsat_tb.tr0}
wv_horz_scroll sigview 0
wv_hierview_context_menu {FILE0:D0:idsat_tb.tr0}
wv_select_context_menu_item {Close This File}
wv_move_dialog Confirmation 1 28
wv_select_dialog Confirmation
wv_press_button Confirmation.Ok
wv_select_toolbar_item {Update Waveforms}
wv_move_dialog ReloadFiles 1 28
wv_select_dialog ReloadFiles
wv_press_button ReloadFiles.Yes
wv_select_hierview_item {FILE0:D0:part2_decoder_Blocked_Slowed_Switched_WR_Voltages.tr0} {toplevel}
wv_horz_scroll sigview 162
wv_select_sigview_item v(out0)
wv_dclick_sigview_item v(out0)
wv_select_sigview_item v(out_b0)
wv_dclick_sigview_item v(out_b0)
wv_select_sigview_item v(out63)
wv_dclick_sigview_item v(out63)
wv_select_sigview_item v(out_b63)
wv_dclick_sigview_item v(out_b63)
wv_select_wv_item WV1.MEAS1
wv_drag_item_to WV1 615 118
wv_move_wv_item WV1.MEAS1 479 90
wv_select_wv_item WV1.MEAS1.ANCHOR1
wv_drag_item_to WV1 463 86
wv_move_wv_item WV1.MEAS1.ANCHOR1 452 91
wv_horz_scroll sigview 0
wv_horz_scroll sigview 91
wv_select_sigview_item v(ck)
wv_dclick_sigview_item v(ck)
wv_horz_scroll sigview 164
wv_select_sigview_item v(blpc_b)
wv_dclick_sigview_item v(blpc_b)
wv_select_wv_item WV1.PANEL8:1.LEGEND
wv_drag_item_to WV1 44 586
wv_drag_enter WV1
wv_drag_to WV1 43 580
wv_drag_to WV1 45 574
wv_drag_to WV1 49 526
wv_drag_to WV1 49 507
wv_drop_on WV1
wv_drag_item_to WV1 43 580
wv_horz_scroll sigview 0
wv_select_sigview_item v(b0wl0_sw)
wv_dclick_sigview_item v(b0wl0_sw)
wv_select_wv_item WV1.PANEL8:1.LEGEND
wv_drag_item_to WV1 54 582
wv_drag_enter WV1
wv_drag_to WV1 54 576
wv_drag_to WV1 54 572
wv_drag_to WV1 53 534
wv_drop_on WV1
wv_drag_item_to WV1 54 576
wv_select_wv_item WV1.PANEL8:1.LEGEND
wv_drag_item_to WV1 56 585
wv_drag_enter WV1
wv_drag_to WV1 56 580
wv_drag_to WV1 56 575
wv_drag_to WV1 49 534
wv_drag_to WV1 45 507
wv_drop_on WV1
wv_drag_item_to WV1 56 580
wv_select_waveview 1
wv_select_waveview 1
wv_select_toolbar_item {Update Waveforms}
wv_move_dialog ReloadFiles 460 271
wv_select_dialog ReloadFiles
wv_press_button ReloadFiles.Yes
wv_select_hierview_item {FILE0:D0:part2_decoder_Blocked_Slowed_Switched_WR_Voltages.tr0} {toplevel}
wv_select_panel WV1.PANEL2:1 1.30078e-09 0.683634
wv_select_wv_item WV1.MEAS1
wv_drag_item_to WV1 486 92
wv_move_wv_item WV1.MEAS1 436 110
wv_select_panel WV1.PANEL1:1 1.51685e-09 0.348444
wv_drag_item_to WV1 479 84
wv_zoom WV1.PANEL1:1 1.51685e-09 0.348444 1.53846e-09 0.368828
wv_select_wv_item WV1.ICON.unzoom
wv_release_wv_item WV1 57 8
wv_select_wv_item WV1.MEAS1
wv_drag_item_to WV1 486 159
wv_move_wv_item WV1.MEAS1 349 104
wv_select_waveview 1
wv_select_toolbar_item {Update Waveforms}
wv_move_dialog ReloadFiles 1 28
wv_select_dialog ReloadFiles
wv_press_button ReloadFiles.YesAll
wv_select_hierview_item {FILE0:D0:part2_decoder_Blocked_Slowed_Switched_WR_Voltages.tr0} {toplevel}
wv_select_waveview 1
wv_horz_scroll sigview 164
wv_horz_scroll sigview 0
wv_horz_scroll sigview 91
wv_select_sigview_item v(ck)
wv_dclick_sigview_item v(ck)
wv_select_wv_item WV1.PANEL8:1.LEGEND
wv_drag_item_to WV1 34 563
wv_drag_enter WV1
wv_drag_to WV1 35 556
wv_drag_to WV1 37 526
wv_drag_to WV1 37 499
wv_drag_to WV1 39 457
wv_drag_to WV1 39 431
wv_drag_to WV1 41 391
wv_drag_to WV1 42 365
wv_drag_to WV1 42 300
wv_drag_to WV1 36 243
wv_drag_to WV1 35 235
wv_drop_on WV1
wv_drag_item_to WV1 35 556
wv_select_wv_item WV1.MEAS1
wv_drag_item_to WV1 484 113
wv_move_wv_item WV1.MEAS1 561 180
wv_horz_scroll sigview 164
wv_select_sigview_item v(sapc_b)
wv_dclick_sigview_item v(sapc_b)
wv_select_wv_item WV1.PANEL8:1.LEGEND
wv_drag_item_to WV1 53 531
wv_drag_enter WV1
wv_drag_to WV1 53 531
wv_drag_to WV1 52 506
wv_drag_to WV1 48 458
wv_drag_to WV1 47 435
wv_drag_to WV1 43 389
wv_drag_to WV1 42 361
wv_drag_to WV1 36 330
wv_drag_to WV1 28 299
wv_drag_to WV1 28 258
wv_drag_to WV1 28 234
wv_drop_on WV1
wv_drag_item_to WV1 53 531
wv_select_sigview_item v(sapc_b)
wv_dclick_sigview_item v(sapc_b)
wv_select_wv_item WV1.PANEL8:1.LEGEND
wv_drag_item_to WV1 50 549
wv_drag_enter WV1
wv_drag_to WV1 51 540
wv_drag_to WV1 57 509
wv_drag_to WV1 58 487
wv_drag_to WV1 58 462
wv_drag_to WV1 61 367
wv_drag_to WV1 61 329
wv_drag_to WV1 61 299
wv_drag_to WV1 52 229
wv_drag_to WV1 54 193
wv_drag_to WV1 67 160
wv_drag_to WV1 68 109
wv_drag_to WV1 64 95
wv_drop_on WV1
wv_drag_item_to WV1 51 540
wv_select_waveview 1
wv_select_toolbar_item {Update Waveforms}
wv_move_dialog ReloadFiles 1 28
wv_select_dialog ReloadFiles
wv_press_button ReloadFiles.YesAll
wv_select_hierview_item {FILE0:D0:part2_decoder_Blocked_Slowed_Switched_WR_Voltages.tr0} {toplevel}
wv_select_wv_item WV1.MEAS1
wv_move_wv_item WV1.MEAS1 690 216
wv_select_waveview 1
wv_select_toolbar_item {Update Waveforms}
wv_move_dialog ReloadFiles 461 299
wv_select_dialog ReloadFiles
wv_press_button ReloadFiles.Yes
wv_select_hierview_item {FILE0:D0:part2_decoder_Blocked_Slowed_Switched_WR_Voltages.tr0} {toplevel}
wv_select_wv_item WV1.PANEL1:1.LEGEND
wv_select_panel WV1.PANEL1:1.LEGEND
wv_select_wv_item WV1.PANEL1:1.LEGEND
wv_select_panel WV1.PANEL1:1.LEGEND
wv_select_waveview 1
wv_select_toolbar_item {Update Waveforms}
wv_move_dialog ReloadFiles 1 28
wv_select_dialog ReloadFiles
wv_press_button ReloadFiles.YesAll
wv_select_hierview_item {FILE0:D0:part2_decoder_Blocked_Slowed_Switched_WR_Voltages.tr0} {toplevel}
wv_select_panel WV1.PANEL4:1 1.7675e-09 0.343304
wv_select_toolbar_item {Update Waveforms}
wv_move_dialog ReloadFiles 1 28
wv_select_dialog ReloadFiles
wv_press_button ReloadFiles.YesAll
wv_select_hierview_item {FILE0:D0:part2_decoder_Blocked_Slowed_Switched_WR_Voltages.tr0} {toplevel}
wv_select_panel WV1.PANEL4:1 5.66119e-10 0.261501
wv_select_wv_item WV1.MEAS1
wv_drag_item_to WV1 741 233
wv_move_wv_item WV1.MEAS1 453 274
wv_select_wv_item WV1.MEAS1.ANCHOR1
wv_drag_item_to WV1 724 238
wv_move_wv_item WV1.MEAS1.ANCHOR1 504 244
wv_select_toolbar_item {Update Waveforms}
wv_move_dialog ReloadFiles 1 28
wv_select_dialog ReloadFiles
wv_press_button ReloadFiles.Yes
wv_select_hierview_item {FILE0:D0:part2_decoder_Blocked_Slowed_Switched_WR_Voltages.tr0} {toplevel}
wv_select_wv_item WV1.MEAS1
wv_drag_item_to WV1 492 306
wv_move_wv_item WV1.MEAS1 497 346
wv_select_sigview_item v(sae)
wv_dclick_sigview_item v(sae)
wv_select_wv_item WV1.PANEL8:1.LEGEND
wv_drag_item_to WV1 31 540
wv_drag_enter WV1
wv_drag_to WV1 34 529
wv_drag_to WV1 47 484
wv_drag_to WV1 54 450
wv_drag_to WV1 56 411
wv_drag_to WV1 59 372
wv_drag_to WV1 61 336
wv_drag_to WV1 63 306
wv_drag_to WV1 63 265
wv_drag_to WV1 64 252
wv_drag_to WV1 64 228
wv_drag_to WV1 64 191
wv_drag_to WV1 63 166
wv_drag_to WV1 59 125
wv_drag_to WV1 52 99
wv_drop_on WV1
wv_drag_item_to WV1 34 529
wv_select_sigview_item v(sae)
wv_dclick_sigview_item v(sae)
wv_select_wv_item WV1.PANEL8:1.LEGEND
wv_drag_item_to WV1 49 561
wv_drag_enter WV1
wv_drag_to WV1 51 548
wv_drag_to WV1 53 533
wv_drag_to WV1 60 397
wv_drag_to WV1 55 331
wv_drag_to WV1 53 311
wv_drag_to WV1 48 290
wv_drag_to WV1 42 262
wv_drag_to WV1 38 225
wv_drag_to WV1 37 188
wv_drag_to WV1 34 167
wv_drop_on WV1
wv_drag_item_to WV1 51 548
wv_select_wv_item WV1.ICON.zoomin
wv_release_wv_item WV1 22 11
wv_select_panel WV1.PANEL1:1 1.02852e-09 -0.0549137
wv_drag_item_to WV1 368 124
wv_zoom_x WV1.PANEL1:1 1.02852e-09 1.59032e-09
wv_select_sigview_item v(bl0,bl_b0)
wv_dclick_sigview_item v(bl0,bl_b0)
wv_select_wv_item WV1.ICON.unzoom
wv_release_wv_item WV1 58 14
wv_select_wv_item {WV1.ICON.add cursor}
wv_release_wv_item WV1 75 11
wv_select_wv_item WV1.PANEL5:1.CURSOR1
wv_drag_item_to WV1 734 377
wv_move_wv_item WV1.PANEL5:1.CURSOR1 417 366
wv_horz_scroll sigview 253
wv_select_sigview_item v(sel_b0)
wv_dclick_sigview_item v(sel_b0)
wv_horz_scroll sigview 0
wv_select_sigview_item v(b0sae)
wv_dclick_sigview_item v(b0sae)
wv_select_wv_item WV1.PANEL9:1.CURSOR1
wv_drag_item_to WV1 422 512
wv_move_wv_item WV1.PANEL9:1.CURSOR1 421 532
wv_select_sigview_item v(bl0)
wv_horz_scroll sigview 61
wv_select_toolbar_item {Update Waveforms}
wv_move_dialog ReloadFiles 460 271
wv_select_dialog ReloadFiles
wv_press_button ReloadFiles.Yes
wv_select_hierview_item {FILE0:D0:part2_decoder_Blocked_Slowed_Switched_WR_Voltages.tr0} {toplevel}
wv_select_wv_item WV1.PANEL8:1.CURSOR1
wv_drag_item_to WV1 433 439
wv_move_wv_item WV1.PANEL8:1.CURSOR1 416 444
wv_select_panel WV1.PANEL9:1 1.77758e-10 0.417021
wv_move_wv_item WV1.PANEL9:1.CURSOR1 226 508
wv_select_sigview_item v(b0sel_b0)
wv_dclick_sigview_item v(b0sel_b0)
wv_select_wv_item WV1.PANEL11:1.LEGEND
wv_drag_item_to WV1 30 574
wv_drag_enter WV1
wv_drag_to WV1 31 568
wv_drag_to WV1 31 554
wv_drag_to WV1 31 535
wv_drag_to WV1 31 504
wv_drag_to WV1 30 484
wv_drag_to WV1 31 454
wv_drag_to WV1 38 435
wv_drop_on WV1
wv_drag_item_to WV1 31 568
wv_horz_scroll sigview 0
wv_horz_scroll sigview 0
wv_horz_scroll sigview 253
wv_select_sigview_item v(block0)
wv_dclick_sigview_item v(block0)
wv_select_waveview 1
wv_select_sigview_item v(sel_b63)
wv_dclick_sigview_item v(sel_b63)
wv_horz_scroll sigview 0
wv_horz_scroll sigview 91
wv_select_sigview_item v(b3sel_b63)
wv_dclick_sigview_item v(b3sel_b63)
wv_select_sigview_item v(b3sae)
wv_dclick_sigview_item v(b3sae)
wv_horz_scroll sigview 0
wv_horz_scroll sigview 253
wv_select_sigview_item v(block3)
wv_dclick_sigview_item v(block3)
wv_expand_hierview_item {FILE0:D0:part2_decoder_Blocked_Slowed_Switched_WR_Voltages.tr0} {toplevel}
wv_select_hierview_item {FILE0:D0:part2_decoder_Blocked_Slowed_Switched_WR_Voltages.tr0} {toplevel/xsense0_in}
wv_horz_scroll sigview 0
wv_select_sigview_item xsense0_in.v(sel_b_inv)
wv_select_sigview_item xsense0_in.v(sel_b_inv)
wv_dclick_sigview_item xsense0_in.v(sel_b_inv)
wv_select_waveview 1
wv_select_toolbar_item {Update Waveforms}
wv_move_dialog ReloadFiles 461 299
wv_select_dialog ReloadFiles
wv_press_button ReloadFiles.YesAll
#some signals no longer available in
#'/afs/ir.stanford.edu/users/v/e/veharvey/ee313/project/part2/part2_decoder_Blocked_Slowed_Switched_WR_Voltages.tr0'
wv_select_wv_item WV1.PANEL13:1.LEGEND
wv_select_panel WV1.PANEL13:1.LEGEND
wv_select_wv_item WV1.PANEL16:1.LEGEND
wv_select_panel WV1.PANEL16:1.LEGEND
wv_press_key Delete
wv_move_dialog Confirmation 1 28
wv_select_dialog Confirmation
wv_press_button Confirmation.Ok
wv_select_wv_item WV1.PANEL8:1.LEGEND
wv_select_panel WV1.PANEL8:1.LEGEND
wv_press_key Delete
wv_move_dialog Confirmation 1 28
wv_select_dialog Confirmation
wv_press_button Confirmation.Ok
wv_select_hierview_item {FILE0:D0:part2_decoder_Blocked_Slowed_Switched_WR_Voltages.tr0} {toplevel}
wv_horz_scroll sigview 253
wv_horz_scroll sigview 0
wv_horz_scroll sigview 91
wv_select_sigview_item v(bl0,bl_b0)
wv_dclick_sigview_item v(bl0,bl_b0)
wv_select_sigview_item v(b0sel_b0)
wv_dclick_sigview_item v(b0sel_b0)
wv_select_wv_item WV1.PANEL15:1.CURSOR1
wv_drag_item_to WV1 226 526
wv_move_wv_item WV1.PANEL15:1.CURSOR1 429 561
wv_select_wv_item WV1.PANEL16:1.CURSOR1
wv_drag_item_to WV1 421 563
wv_move_wv_item WV1.PANEL16:1.CURSOR1 421 562
wv_select_sigview_item v(b0sae)
wv_dclick_sigview_item v(b0sae)
wv_select_wv_item WV1.PANEL15:1.CURSOR1
wv_drag_item_to WV1 421 512
wv_move_wv_item WV1.PANEL15:1.CURSOR1 421 512
wv_release_wv_item WV1 430 511
wv_select_panel WV1.PANEL15:1 1.11668e-09 -0.0206327
wv_drag_item_to WV1 434 513
wv_move_wv_item WV1.PANEL15:1.CURSOR1 435 513
wv_select_panel WV1.PANEL15:1 1.21696e-09 -0.0657303
wv_drag_item_to WV1 455 520
wv_move_wv_item WV1.PANEL15:1.CURSOR1 458 520
wv_select_wv_item WV1.PANEL15:1.CURSOR1
wv_drag_item_to WV1 459 521
wv_move_wv_item WV1.PANEL15:1.CURSOR1 434 507
wv_select_wv_item WV1.PANEL15:1.CURSOR1
wv_move_wv_item WV1.PANEL15:1.CURSOR1 434 507
wv_select_wv_item WV1.PANEL14:1.LEGEND
wv_select_panel WV1.PANEL14:1.LEGEND
wv_select_toolbar_item {Update Waveforms}
wv_move_dialog ReloadFiles 460 271
wv_select_dialog ReloadFiles
wv_press_button ReloadFiles.YesAll
wv_select_hierview_item {FILE0:D0:part2_decoder_Blocked_Slowed_Switched_WR_Voltages.tr0} {toplevel}
wv_select_wv_item WV1.PANEL12:1.LEGEND
wv_select_panel WV1.PANEL12:1.LEGEND
wv_select_wv_item WV1.PANEL1:1.LEGEND
wv_select_panel WV1.PANEL1:1.LEGEND
wv_press_key Delete
wv_move_dialog Confirmation 767 277
wv_select_dialog Confirmation
wv_press_button Confirmation.Ok
wv_select_wv_item WV1.PANEL1:1.LEGEND
wv_select_panel WV1.PANEL1:1.LEGEND
wv_press_key Delete
wv_move_dialog Confirmation 768 305
wv_select_dialog Confirmation
wv_press_button Confirmation.Ok
wv_select_wv_item WV1.PANEL1:1.LEGEND
wv_select_panel WV1.PANEL1:1.LEGEND
wv_press_key Delete
wv_move_dialog Confirmation 768 305
wv_select_dialog Confirmation
wv_press_button Confirmation.Ok
wv_select_wv_item WV1.PANEL1:1.LEGEND
wv_select_panel WV1.PANEL1:1.LEGEND
wv_press_key Delete
wv_move_dialog Confirmation 768 305
wv_select_dialog Confirmation
wv_press_button Confirmation.Ok
wv_select_wv_item WV1.PANEL1:1.LEGEND
wv_select_panel WV1.PANEL1:1.LEGEND
wv_press_key Delete
wv_move_dialog Confirmation 767 277
wv_select_dialog Confirmation
wv_press_button Confirmation.Ok
wv_select_wv_item WV1.PANEL1:1.LEGEND
wv_select_panel WV1.PANEL1:1.LEGEND
wv_press_key Delete
wv_move_dialog Confirmation 767 277
wv_select_dialog Confirmation
wv_press_button Confirmation.Ok
wv_press_key Delete
#please select panel(s) for the delete action
wv_select_wv_item WV1.PANEL1:1.LEGEND
wv_select_panel WV1.PANEL1:1.LEGEND
wv_press_key Delete
wv_move_dialog Confirmation 767 277
wv_select_dialog Confirmation
wv_press_button Confirmation.Ok
wv_select_wv_item WV1.MEAS1
wv_move_wv_item WV1.MEAS1 858 99
wv_waveview_context_menu WV1.MEAS1
wv_select_context_menu_item {Delete Meter}
wv_select_wv_item WV1.PANEL1:1.LEGEND
wv_select_panel WV1.PANEL1:1.LEGEND
wv_press_key Delete
wv_move_dialog Confirmation 767 277
wv_select_dialog Confirmation
wv_press_button Confirmation.Ok
wv_select_wv_item WV1.PANEL1:1.LEGEND
wv_select_panel WV1.PANEL1:1.LEGEND
wv_press_key Delete
wv_move_dialog Confirmation 767 277
wv_select_dialog Confirmation
wv_press_button Confirmation.Ok
wv_select_wv_item WV1.PANEL1:1.LEGEND
wv_select_panel WV1.PANEL1:1.LEGEND
wv_press_key Delete
wv_move_dialog Confirmation 767 277
wv_select_dialog Confirmation
wv_press_button Confirmation.Ok
wv_select_wv_item WV1.PANEL1:1.LEGEND
wv_select_panel WV1.PANEL1:1.LEGEND
wv_press_key Delete
wv_move_dialog Confirmation 767 277
wv_select_dialog Confirmation
wv_press_button Confirmation.Ok
wv_select_wv_item WV1.PANEL1:1.LEGEND
wv_select_panel WV1.PANEL1:1.LEGEND
wv_press_key Delete
wv_select_dialog Confirmation
wv_press_button Confirmation.Ok
wv_select_wv_item WV1.PANEL1:1.LEGEND
wv_select_panel WV1.PANEL1:1.LEGEND
wv_press_key Delete
wv_move_dialog Confirmation 767 277
wv_select_dialog Confirmation
wv_press_button Confirmation.Ok
wv_select_wv_item WV1.PANEL1:1.LEGEND
wv_select_panel WV1.PANEL1:1.LEGEND
wv_press_key Delete
wv_move_dialog Confirmation 767 277
wv_select_dialog Confirmation
wv_press_button Confirmation.Ok
wv_select_wv_item WV1.PANEL1:1.LEGEND
wv_select_panel WV1.PANEL1:1.LEGEND
wv_press_key Delete
wv_move_dialog Confirmation 767 277
wv_select_dialog Confirmation
wv_press_button Confirmation.Ok
wv_select_wv_item WV1.PANEL1:1.LEGEND
wv_select_panel WV1.PANEL1:1.LEGEND
wv_press_key Delete
wv_move_dialog Confirmation 767 277
wv_select_dialog Confirmation
wv_press_button Confirmation.Ok
wv_select_wv_item WV1.PANEL1:1.LEGEND
wv_select_panel WV1.PANEL1:1.LEGEND
wv_press_key Delete
wv_move_dialog Confirmation 767 277
wv_select_dialog Confirmation
wv_press_button Confirmation.Ok
wv_select_toolbar_item {Update Waveforms}
wv_move_dialog ReloadFiles 1 28
wv_select_dialog ReloadFiles
wv_press_button ReloadFiles.Yes
wv_select_hierview_item {FILE0:D0:part2_decoder_Blocked_Slowed_Switched_WR_Voltages.tr0} {toplevel}
wv_horz_scroll sigview 253
wv_horz_scroll sigview 162
wv_select_sigview_item v(out0)
wv_dclick_sigview_item v(out0)
wv_select_sigview_item v(out_b0)
wv_dclick_sigview_item v(out_b0)
wv_select_wv_item WV1.PANEL2:1.LEGEND
wv_drag_item_to WV1 50 432
wv_drag_enter WV1
wv_drag_to WV1 50 426
wv_drag_to WV1 50 367
wv_drop_on WV1
wv_drag_item_to WV1 50 426
wv_select_wv_item WV1.PANEL2:1.LEGEND
wv_drag_item_to WV1 48 397
wv_drag_enter WV1
wv_drag_to WV1 48 391
wv_drag_to WV1 49 372
wv_drag_to WV1 41 263
wv_drop_on WV1
wv_drag_item_to WV1 48 391
wv_select_sigview_item v(out_b63)
wv_dclick_sigview_item v(out_b63)
wv_select_sigview_item v(out63)
wv_dclick_sigview_item v(out63)
wv_select_wv_item WV1.PANEL3:1.LEGEND
wv_drag_item_to WV1 26 477
wv_drag_enter WV1
wv_drag_to WV1 26 473
wv_drag_to WV1 28 426
wv_drag_to WV1 36 371
wv_drop_on WV1
wv_drag_item_to WV1 26 473
wv_select_wv_item WV1.PANEL2:1.LEGEND
wv_drag_item_to WV1 49 378
wv_drag_enter WV1
wv_drag_to WV1 49 378
wv_drag_to WV1 50 361
wv_drop_on WV1
wv_drag_item_to WV1 49 378
wv_select_wv_item WV1.PANEL2:1.LEGEND
wv_drag_item_to WV1 51 372
wv_drag_enter WV1
wv_drag_to WV1 51 367
wv_drag_to WV1 41 262
wv_drop_on WV1
wv_drag_item_to WV1 51 367
wv_select_sigview_item v(ck)
wv_dclick_sigview_item v(ck)
wv_select_wv_item WV1.PANEL2:1.LEGEND
wv_drag_item_to WV1 30 425
wv_drag_enter WV1
wv_drag_to WV1 28 416
wv_drag_to WV1 29 349
wv_drag_to WV1 32 263
wv_drop_on WV1
wv_drag_item_to WV1 28 416
wv_select_toolbar_item {Update Waveforms}
wv_move_dialog ReloadFiles 460 271
wv_select_dialog ReloadFiles
wv_press_button ReloadFiles.YesAll
wv_select_hierview_item {FILE0:D0:part2_decoder_Blocked_Slowed_Switched_WR_Voltages.tr0} {toplevel}
wv_select_wv_item WV1.PANEL1:1.LEGEND
wv_select_panel WV1.PANEL1:1.LEGEND
wv_select_toolbar_item {Update Waveforms}
wv_move_dialog ReloadFiles 461 299
wv_select_dialog ReloadFiles
wv_press_button ReloadFiles.YesAll
wv_select_hierview_item {FILE0:D0:part2_decoder_Blocked_Slowed_Switched_WR_Voltages.tr0} {toplevel}
wv_select_wv_item WV1.PANEL1:1.LEGEND
wv_select_panel WV1.PANEL1:1.LEGEND
wv_select_toolbar_item {Update Waveforms}
wv_move_dialog ReloadFiles 1 28
wv_select_dialog ReloadFiles
wv_press_button ReloadFiles.YesAll
wv_select_hierview_item {FILE0:D0:part2_decoder_Blocked_Slowed_Switched_WR_Voltages.tr0} {toplevel}
wv_horz_scroll sigview 0
wv_select_toolbar_item {Update Waveforms}
wv_move_dialog ReloadFiles 460 271
wv_select_dialog ReloadFiles
wv_press_button ReloadFiles.Yes
wv_select_hierview_item {FILE0:D0:part2_decoder_Blocked_Slowed_Switched_WR_Voltages.tr0} {toplevel}
wv_horz_scroll sigview 150
wv_horz_scroll sigview 0
wv_select_sigview_item v(b1wl0_sw)
wv_dclick_sigview_item v(b1wl0_sw)
wv_release_wv_item WV1 15 507
wv_release_wv_item WV1 15 507
wv_select_wv_item WV1.PANEL2:1.LEGEND
wv_select_panel WV1.PANEL2:1.LEGEND
wv_press_key Delete
wv_move_dialog Confirmation 768 305
wv_select_dialog Confirmation
wv_press_button Confirmation.Ok
wv_select_sigview_item v(b0wl0)
wv_dclick_sigview_item v(b0wl0)
wv_select_sigview_item v(b0wl0_sw)
wv_dclick_sigview_item v(b0wl0_sw)
wv_select_wv_item WV1.PANEL2:1.LEGEND
wv_select_panel WV1.PANEL2:1.LEGEND
wv_press_key Delete
wv_move_dialog Confirmation 767 277
wv_select_dialog Confirmation
wv_press_button Confirmation.Ok
wv_horz_scroll sigview 91
wv_horz_scroll sigview 182
wv_horz_scroll sigview 253
wv_select_sigview_item v(blpc_b)
wv_dclick_sigview_item v(blpc_b)
wv_horz_scroll sigview 162
wv_select_sigview_item v(bl0,bl_b0)
wv_dclick_sigview_item v(bl0,bl_b0)
wv_horz_scroll sigview 253
wv_horz_scroll sigview 162
wv_horz_scroll sigview 71
wv_select_sigview_item v(b0sae)
wv_dclick_sigview_item v(b0sae)
wv_select_wv_item {WV1.ICON.add cursor}
wv_release_wv_item WV1 83 12
wv_select_wv_item WV1.PANEL3:1.CURSOR1
wv_drag_item_to WV1 732 371
wv_move_wv_item WV1.PANEL3:1.CURSOR1 385 414
wv_select_wv_item WV1.PANEL4:1.LEGEND
wv_select_panel WV1.PANEL4:1.LEGEND
wv_select_toolbar_item {Update Waveforms}
wv_select_dialog ReloadFiles
wv_press_button ReloadFiles.YesAll
wv_select_hierview_item {FILE0:D0:part2_decoder_Blocked_Slowed_Switched_WR_Voltages.tr0} {toplevel}
wv_select_toolbar_item {Update Waveforms}
wv_move_dialog ReloadFiles 460 271
wv_select_dialog ReloadFiles
wv_press_button ReloadFiles.YesAll
wv_select_hierview_item {FILE0:D0:part2_decoder_Blocked_Slowed_Switched_WR_Voltages.tr0} {toplevel}
wv_select_wv_item WV1.PANEL2:1.CURSOR1
wv_drag_item_to WV1 386 191
wv_move_wv_item WV1.PANEL2:1.CURSOR1 490 206
wv_select_wv_item WV1.PANEL2:1.CURSOR1
wv_drag_item_to WV1 488 206
wv_move_wv_item WV1.PANEL2:1.CURSOR1 407 206
wv_select_toolbar_item {Update Waveforms}
wv_move_dialog ReloadFiles 1 28
wv_select_dialog ReloadFiles
wv_press_button ReloadFiles.YesAll
wv_select_hierview_item {FILE0:D0:part2_decoder_Blocked_Slowed_Switched_WR_Voltages.tr0} {toplevel}
wv_select_wv_item WV1.PANEL4:1.LEGEND
wv_select_panel WV1.PANEL4:1.LEGEND
wv_select_toolbar_item {Update Waveforms}
wv_select_dialog ReloadFiles
wv_press_button ReloadFiles.Yes
wv_select_hierview_item {FILE0:D0:part2_decoder_Blocked_Slowed_Switched_WR_Voltages.tr0} {toplevel}
wv_select_toolbar_item {Update Waveforms}
wv_move_dialog ReloadFiles 460 271
wv_select_dialog ReloadFiles
wv_press_button ReloadFiles.YesAll
wv_select_hierview_item {FILE0:D0:part2_decoder_Blocked_Slowed_Switched_WR_Voltages.tr0} {toplevel}
wv_select_panel WV1.PANEL5:1 1.59526e-10 0.499098
wv_move_wv_item WV1.PANEL5:1.CURSOR1 222 535
wv_select_wv_item WV1.PANEL5:1.CURSOR1
wv_drag_item_to WV1 219 523
wv_move_wv_item WV1.PANEL5:1.CURSOR1 383 536
wv_select_wv_item WV1.PANEL4:1.LEGEND
wv_select_panel WV1.PANEL4:1.LEGEND
wv_select_toolbar_item {Update Waveforms}
wv_move_dialog ReloadFiles 1 28
wv_select_dialog ReloadFiles
wv_press_button ReloadFiles.Yes
wv_select_hierview_item {FILE0:D0:part2_decoder_Blocked_Slowed_Switched_WR_Voltages.tr0} {toplevel}
wv_expand_hierview_item {FILE0:D0:part2_decoder_Blocked_Slowed_Switched_WR_Voltages.tr0} {toplevel}
wv_select_sigview_item v(b0sel_b0)
wv_dclick_sigview_item v(b0sel_b0)
wv_select_hierview_item {FILE0:D0:part2_decoder_Blocked_Slowed_Switched_WR_Voltages.tr0} {toplevel/xsense0}
wv_horz_scroll sigview 0
wv_select_sigview_item xsense0.v(cmbl)
wv_dclick_sigview_item xsense0.v(cmbl)
wv_select_sigview_item xsense0.v(cmbl_b)
wv_dclick_sigview_item xsense0.v(cmbl_b)
wv_select_sigview_item xsense0.v(sbl)
wv_dclick_sigview_item xsense0.v(sbl)
wv_select_sigview_item xsense0.v(sbl_b)
wv_dclick_sigview_item xsense0.v(sbl_b)
wv_select_hierview_item {FILE0:D0:part2_decoder_Blocked_Slowed_Switched_WR_Voltages.tr0} {toplevel}
wv_horz_scroll sigview 91
wv_horz_scroll sigview 182
wv_select_sigview_item v(sapc_b)
wv_dclick_sigview_item v(sapc_b)
wv_select_wv_item WV1.PANEL11:1.LEGEND
wv_drag_item_to WV1 43 561
wv_drag_enter WV1
wv_drag_to WV1 45 539
wv_drag_to WV1 45 524
wv_drag_to WV1 46 495
wv_drag_to WV1 46 478
wv_drag_to WV1 48 450
wv_drag_to WV1 49 409
wv_drag_to WV1 50 397
wv_drag_to WV1 52 385
wv_drag_to WV1 54 352
wv_drag_to WV1 55 325
wv_drag_to WV1 56 304
wv_drag_to WV1 59 281
wv_drop_on WV1
wv_drag_item_to WV1 45 539
wv_select_wv_item WV1.PANEL4:1.LEGEND
wv_drag_item_to WV1 59 241
wv_drag_enter WV1
wv_drag_to WV1 58 248
wv_drag_to WV1 57 256
wv_drag_to WV1 56 277
wv_drop_on WV1
wv_drag_item_to WV1 58 248
wv_select_wv_item WV1.PANEL5:1.LEGEND
wv_select_panel WV1.PANEL5:1.LEGEND
wv_select_wv_item WV1.PANEL4:1.CURSOR1
wv_drag_item_to WV1 380 245
wv_move_wv_item WV1.PANEL4:1.CURSOR1 404 251
wv_select_toolbar_item {Update Waveforms}
wv_select_dialog ReloadFiles
wv_press_button ReloadFiles.YesAll
wv_select_hierview_item {FILE0:D0:part2_decoder_Blocked_Slowed_Switched_WR_Voltages.tr0} {toplevel}
wv_select_wv_item WV1.PANEL9:1.LEGEND
wv_select_panel WV1.PANEL9:1.LEGEND
wv_select_toolbar_item {Update Waveforms}
wv_select_dialog ReloadFiles
wv_press_button ReloadFiles.YesAll
wv_select_hierview_item {FILE0:D0:part2_decoder_Blocked_Slowed_Switched_WR_Voltages.tr0} {toplevel}
wv_select_panel WV1.PANEL3:1 1.53254e-08 0.301887
wv_move_wv_item WV1.PANEL3:1.CURSOR1 1121 208
wv_select_toolbar_item {Update Waveforms}
wv_move_dialog ReloadFiles 460 271
wv_select_dialog ReloadFiles
wv_press_button ReloadFiles.YesAll
wv_select_hierview_item {FILE0:D0:part2_decoder_Blocked_Slowed_Switched_WR_Voltages.tr0} {toplevel}
wv_select_wv_item WV1.PANEL7:1.YAXIS1
wv_move_wv_item WV1.PANEL7:1.CURSOR1 165 443
wv_select_toolbar_item {Update Waveforms}
wv_move_dialog ReloadFiles 460 271
wv_select_dialog ReloadFiles
wv_press_button ReloadFiles.YesAll
wv_select_hierview_item {FILE0:D0:part2_decoder_Blocked_Slowed_Switched_WR_Voltages.tr0} {toplevel}
wv_expand_hierview_item {FILE0:D0:part2_decoder_Blocked_Slowed_Switched_WR_Voltages.tr0} {toplevel}
wv_select_hierview_item {FILE0:D0:part2_decoder_Blocked_Slowed_Switched_WR_Voltages.tr0} {toplevel/xsense0_in}
wv_horz_scroll sigview 0
wv_select_sigview_item xsense0_in.v(net10)
wv_select_sigview_item xsense0_in.v(net10)
wv_dclick_sigview_item xsense0_in.v(net10)
wv_select_sigview_item xsense0_in.v(net8)
wv_dclick_sigview_item xsense0_in.v(net8)
wv_select_hierview_item {FILE0:D0:part2_decoder_Blocked_Slowed_Switched_WR_Voltages.tr0} {toplevel/xsense63_in}
wv_dclick_hierview_item {FILE0:D0:part2_decoder_Blocked_Slowed_Switched_WR_Voltages.tr0} {toplevel/xsense63_in}
wv_select_sigview_item xsense63_in.v(net8)
wv_dclick_sigview_item xsense63_in.v(net8)
wv_select_sigview_item xsense63_in.v(net10)
wv_dclick_sigview_item xsense63_in.v(net10)
wv_select_wv_item WV1.LEGEND.WIDTH
wv_drag_item_to WV1 80 69
wv_move_wv_item WV1.PANEL1:1.LEGEND.WIDTH 145
wv_select_wv_item WV1.LEGEND.SEP
wv_drag_item_to WV1 144 84
wv_move_wv_item WV1.PANEL1:1.LEGEND.SEP 187 85
wv_select_hierview_item {FILE0:D0:part2_decoder_Blocked_Slowed_Switched_WR_Voltages.tr0} {toplevel}
wv_horz_scroll sigview 91
wv_horz_scroll sigview 182
wv_select_sigview_item v(sae)
wv_dclick_sigview_item v(sae)
wv_select_wv_item WV1.PANEL14:1.LEGEND
wv_drag_item_to WV1 31 566
wv_drag_enter WV1
wv_drag_to WV1 31 561
wv_drag_to WV1 33 550
wv_drag_to WV1 34 536
wv_drag_to WV1 37 501
wv_drag_to WV1 40 471
wv_drag_to WV1 41 466
wv_drag_to WV1 43 442
wv_drag_to WV1 45 427
wv_drop_on WV1
wv_drag_item_to WV1 31 561
wv_select_wv_item WV1.PANEL1:1.LEGEND
wv_select_panel WV1.PANEL1:1.LEGEND
wv_press_key Delete
wv_move_dialog Confirmation 767 277
wv_select_dialog Confirmation
wv_press_button Confirmation.Ok
wv_select_wv_item WV1.PANEL1:1.LEGEND
wv_select_panel WV1.PANEL1:1.LEGEND
wv_press_key Delete
wv_move_dialog Confirmation 767 277
wv_select_dialog Confirmation
wv_press_button Confirmation.Ok
wv_select_wv_item WV1.PANEL1:1.LEGEND
wv_select_panel WV1.PANEL1:1.LEGEND
wv_press_key Delete
wv_move_dialog Confirmation 767 277
wv_select_dialog Confirmation
wv_press_button Confirmation.Ok
wv_select_wv_item WV1.PANEL1:1.LEGEND
wv_select_panel WV1.PANEL1:1.LEGEND
wv_press_key Delete
wv_move_dialog Confirmation 767 277
wv_select_dialog Confirmation
wv_press_button Confirmation.Ok
wv_select_wv_item WV1.PANEL1:1.LEGEND
wv_select_panel WV1.PANEL1:1.LEGEND
wv_press_key Delete
wv_move_dialog Confirmation 767 277
wv_select_dialog Confirmation
wv_press_button Confirmation.Ok
wv_select_wv_item WV1.PANEL1:1.LEGEND
wv_select_panel WV1.PANEL1:1.LEGEND
wv_press_key Delete
wv_move_dialog Confirmation 767 277
wv_select_dialog Confirmation
wv_press_button Confirmation.Ok
wv_select_wv_item WV1.PANEL1:1.LEGEND
wv_select_panel WV1.PANEL1:1.LEGEND
wv_press_key Delete
wv_move_dialog Confirmation 767 277
wv_select_dialog Confirmation
wv_press_button Confirmation.Ok
wv_select_wv_item WV1.PANEL1:1.LEGEND
wv_select_panel WV1.PANEL1:1.LEGEND
wv_press_key Delete
wv_move_dialog Confirmation 767 277
wv_select_dialog Confirmation
wv_press_button Confirmation.Ok
wv_select_wv_item WV1.PANEL1:1.LEGEND
wv_select_panel WV1.PANEL1:1.LEGEND
wv_press_key Delete
wv_move_dialog Confirmation 767 277
wv_select_dialog Confirmation
wv_press_button Confirmation.Ok
wv_select_wv_item WV1.PANEL1:1.LEGEND
wv_select_panel WV1.PANEL1:1.LEGEND
wv_select_wv_item WV1.PANEL1:1.LEGEND
wv_select_panel WV1.PANEL1:1.LEGEND
wv_select_wv_item WV1.PANEL1:1.LEGEND
wv_select_panel WV1.PANEL1:1.LEGEND
wv_waveview_context_menu WV1.PANEL1:1.LINE2
wv_select_context_menu_item {Hide  'v(sae)'}
wv_select_sigview_item v(block0)
wv_dclick_sigview_item v(block0)
wv_select_wv_item WV1.PANEL5:1.LEGEND
wv_drag_item_to WV1 59 526
wv_drag_enter WV1
wv_drag_to WV1 89 402
wv_drag_to WV1 99 342
wv_drag_to WV1 109 282
wv_drag_to WV1 114 229
wv_drag_to WV1 117 166
wv_drag_to WV1 117 131
wv_drop_on WV1
wv_drag_item_to WV1 89 402
wv_select_wv_item WV1.PANEL1:1.LEGEND
wv_select_panel WV1.PANEL1:1.LEGEND
wv_select_wv_item WV1.PANEL1:1.LEGEND
wv_select_panel WV1.PANEL1:1.LEGEND
wv_waveview_context_menu WV1.PANEL1:1.LINE2
wv_select_context_menu_item {Show  'v(sae)'}
wv_select_wv_item WV1.ICON.zoomin
wv_release_wv_item WV1 24 11
wv_select_wv_item WV1.PANEL1:1.XAXIS1
wv_drag_item_to WV1 333 33
wv_zoom_x WV1.PANEL1:1 1.57564e-09 3.54519e-09
wv_select_wv_item {WV1.ICON.measurement tool}
wv_move_dialog MeasurementTool 480 84
wv_select_dialog MeasurementTool
wv_release_wv_item WV1 117 13
wv_set_text MeasurementTool.AtValue {500m}
wv_press_button MeasurementTool.AllOk
wv_select_wv_item WV1.MEAS1
wv_drag_item_to WV1 293 245
wv_move_wv_item WV1.MEAS1 304 245
wv_select_panel WV1.PANEL1:1 2.15835e-09 0.279995
wv_drag_item_to WV1 557 129
wv_zoom_x WV1.PANEL1:1 2.15835e-09 2.19763e-09
wv_select_wv_item WV1.ICON.unzoom
wv_release_wv_item WV1 51 7
wv_select_wv_item WV1.ICON.zoomin
wv_release_wv_item WV1 17 10
wv_select_wv_item WV1.PANEL1:1.XAXIS1
wv_drag_item_to WV1 291 34
wv_zoom_x WV1.PANEL1:1 9.76213e-10 3.49382e-09
wv_select_wv_item WV1.MEAS1
wv_drag_item_to WV1 569 274
wv_move_wv_item WV1.MEAS1 787 123
wv_select_wv_item WV1.MEAS1.ANCHOR1
wv_drag_item_to WV1 588 252
wv_move_wv_item WV1.MEAS1.ANCHOR1 853 111
wv_select_wv_item WV1.MEAS1.ANCHOR2
wv_drag_item_to WV1 830 112
wv_move_wv_item WV1.MEAS1.ANCHOR2 628 123
wv_select_wv_item WV1.MEAS1.ANCHOR1
wv_drag_item_to WV1 840 114
wv_move_wv_item WV1.MEAS1.ANCHOR1 619 150
wv_select_wv_item WV1.MEAS1
wv_drag_item_to WV1 869 152
wv_move_wv_item WV1.MEAS1 644 118
wv_select_wv_item WV1.MEAS1.ANCHOR1
wv_drag_item_to WV1 631 114
wv_move_wv_item WV1.MEAS1.ANCHOR1 615 123
wv_select_wv_item WV1.MEAS1.ANCHOR1
wv_drag_item_to WV1 626 114
wv_move_wv_item WV1.MEAS1.ANCHOR1 746 100
wv_select_wv_item WV1.MEAS1
wv_drag_item_to WV1 745 162
wv_move_wv_item WV1.MEAS1 573 145
wv_select_wv_item WV1.MEAS1.ANCHOR1
wv_drag_item_to WV1 831 114
wv_move_wv_item WV1.MEAS1.ANCHOR1 708 81
wv_select_panel WV1.PANEL1:1 2.12712e-09 0.763428
wv_move_wv_item WV1.PANEL1:1.CURSOR1 708 81
wv_release_wv_item WV1 834 117
wv_select_wv_item WV1.PANEL1:1.LEGEND
wv_select_panel WV1.PANEL1:1.LEGEND
wv_select_wv_item WV1.PANEL1:1.LEGEND
wv_select_panel WV1.PANEL1:1.LEGEND
wv_horz_scroll sigview 84
wv_select_sigview_item v(b0sae)
wv_dclick_sigview_item v(b0sae)
wv_horz_scroll sigview 233
wv_select_sigview_item v(sae)
wv_dclick_sigview_item v(sae)
wv_select_wv_item WV1.PANEL6:1.LEGEND
wv_drag_item_to WV1 49 536
wv_drag_enter WV1
wv_drag_to WV1 50 529
wv_drag_to WV1 51 510
wv_drag_to WV1 54 479
wv_drop_on WV1
wv_drag_item_to WV1 50 529
wv_select_wv_item {WV1.ICON.measurement tool}
wv_move_dialog MeasurementTool 480 84
wv_select_dialog MeasurementTool
wv_release_wv_item WV1 113 15
wv_press_button MeasurementTool.AllOk
wv_select_wv_item WV1.MEAS2
wv_drag_item_to WV1 388 240
wv_move_wv_item WV1.MEAS2 623 549
wv_select_wv_item WV1.MEAS2
wv_drag_item_to WV1 655 576
wv_move_wv_item WV1.MEAS2 634 554
wv_select_wv_item WV1.MEAS1
wv_drag_item_to WV1 671 122
wv_move_wv_item WV1.MEAS1 614 118
wv_select_wv_item WV1.MEAS1.ANCHOR1
wv_drag_item_to WV1 625 103
wv_move_wv_item WV1.MEAS1.ANCHOR1 633 102
wv_select_wv_item WV1.MEAS1
wv_drag_item_to WV1 658 157
wv_move_wv_item WV1.MEAS1 599 107
wv_select_sigview_item v(sae)
wv_dclick_sigview_item v(sae)
wv_select_sigview_item v(ck)
wv_dclick_sigview_item v(ck)
wv_select_wv_item WV1.PANEL7:1.LEGEND
wv_drag_item_to WV1 46 538
wv_drag_enter WV1
wv_drag_to WV1 46 532
wv_drag_to WV1 46 522
wv_drag_to WV1 50 496
wv_drop_on WV1
wv_drag_item_to WV1 46 532
wv_select_panel WV1.PANEL6:1 2.24189e-09 1.0274
wv_drag_item_to WV1 758 500
wv_zoom_x WV1.PANEL6:1 2.24189e-09 1.80914e-09
wv_select_wv_item WV1.ICON.zoomout
wv_release_wv_item WV1 39 16
wv_select_wv_item WV1.ICON.zoomout
wv_release_wv_item WV1 39 16
wv_select_wv_item {WV1.ICON.add cursor}
wv_release_wv_item WV1 76 11
wv_select_wv_item {WV1.ICON.measurement tool}
wv_move_dialog MeasurementTool 480 84
wv_select_dialog MeasurementTool
wv_release_wv_item WV1 114 13
wv_press_button MeasurementTool.AllOk
wv_select_wv_item WV1.MEAS3
wv_drag_item_to WV1 400 254
wv_move_wv_item WV1.MEAS3 650 568
wv_select_wv_item WV1.MEAS3
wv_drag_item_to WV1 686 602
wv_move_wv_item WV1.MEAS3 533 566
wv_select_waveview 1
wv_select_toolbar_item {Update Waveforms}
wv_move_dialog ReloadFiles 461 299
wv_select_dialog ReloadFiles
wv_press_button ReloadFiles.Yes
wv_select_hierview_item {FILE0:D0:part2_decoder_Blocked_Slowed_Switched_WR_Voltages.tr0} {toplevel}
wv_select_sigview_item v(out0)
wv_dclick_sigview_item v(out0)
wv_select_sigview_item v(out_b0)
wv_dclick_sigview_item v(out_b0)
wv_select_wv_item WV1.MEAS3.ANCHOR1
wv_drag_item_to WV1 789 422
wv_move_wv_item WV1.MEAS3.ANCHOR1 667 438
wv_select_waveview 1
wv_select_toolbar_item {Update Waveforms}
wv_select_wv_item WV1.PANEL6:1.YAXIS1
wv_move_wv_item WV1.PANEL6:1.CURSOR2 222 428
wv_select_wv_item WV1.MEAS3
wv_move_wv_item WV1.MEAS3 570 586
wv_select_wv_item WV1.MEAS3
wv_drag_item_to WV1 608 604
wv_move_wv_item WV1.MEAS3 468 536
wv_select_wv_item WV1.MEAS3
wv_move_wv_item WV1.MEAS3 517 558
wv_waveview_context_menu WV1.MEAS3
wv_select_wv_item WV1.MEAS3
wv_drag_item_to WV1 584 577
wv_move_wv_item WV1.MEAS3 553 542
wv_waveview_context_menu WV1.MEAS3
wv_select_wv_item WV1.MEAS3
wv_move_wv_item WV1.MEAS3 656 572
wv_waveview_context_menu WV1.MEAS3
wv_select_context_menu_item {Delete Meter}
wv_select_wv_item WV1.MEAS1
wv_move_wv_item WV1.MEAS1 722 104
wv_waveview_context_menu WV1.MEAS1
wv_select_context_menu_item {Delete Meter}
wv_waveview_context_menu WV1.MEAS1
wv_select_context_menu_item {Delete Meter}
wv_select_panel WV1.PANEL6:1 1.62894e-09 0.45635
wv_move_wv_item WV1.PANEL6:1.CURSOR2 517 422
wv_select_toolbar_item {Update Waveforms}
wv_move_dialog ReloadFiles 461 299
wv_select_dialog ReloadFiles
wv_press_button ReloadFiles.Yes
wv_select_hierview_item {FILE0:D0:part2_decoder_Blocked_Slowed_Switched_WR_Voltages.tr0} {toplevel}
wv_select_wv_item WV1.ICON.unzoom
wv_release_wv_item WV1 55 10
wv_select_wv_item WV1.ICON.zoomin
wv_release_wv_item WV1 22 13
wv_select_wv_item {WV1.ICON.measurement tool}
wv_move_dialog MeasurementTool 481 112
wv_select_dialog MeasurementTool
wv_release_wv_item WV1 116 9
wv_press_button MeasurementTool.AllOk
wv_select_wv_item WV1.MEAS1
wv_drag_item_to WV1 266 270
wv_move_wv_item WV1.MEAS1 436 432
wv_select_wv_item WV1.MEAS1
wv_drag_item_to WV1 472 463
wv_move_wv_item WV1.MEAS1 378 430
wv_select_waveview 1
wv_select_toolbar_item {Update Waveforms}
wv_move_dialog ReloadFiles 461 299
wv_select_dialog ReloadFiles
wv_press_button ReloadFiles.YesAll
wv_select_hierview_item {FILE0:D0:part2_decoder_Blocked_Slowed_Switched_WR_Voltages.tr0} {toplevel}
wv_select_panel WV1.PANEL6:1 9.89534e-10 0.474048
wv_drag_item_to WV1 440 421
wv_zoom WV1.PANEL6:1 9.89534e-10 0.474048 8.80114e-10 0.420947
wv_select_wv_item WV1.ICON.unzoom
wv_release_wv_item WV1 53 17
wv_select_sigview_item v(out_b63)
wv_dclick_sigview_item v(out_b63)
wv_select_sigview_item v(out63)
wv_dclick_sigview_item v(out63)
wv_horz_scroll sigview 142
wv_horz_scroll sigview 51
wv_horz_scroll sigview 0
wv_horz_scroll sigview 91
wv_horz_scroll sigview 0
wv_horz_scroll sigview 91
wv_horz_scroll sigview 182
wv_select_sigview_item v(sel_b0)
wv_dclick_sigview_item v(sel_b0)
wv_select_sigview_item v(sel_b63)
wv_dclick_sigview_item v(sel_b63)
wv_select_wv_item WV1.PANEL11:1.LEGEND
wv_drag_item_to WV1 79 515
wv_drag_enter WV1
wv_drag_to WV1 79 508
wv_drag_to WV1 81 484
wv_drag_to WV1 82 458
wv_drag_to WV1 84 394
wv_drag_to WV1 84 366
wv_drag_to WV1 83 351
wv_drag_to WV1 80 319
wv_drag_to WV1 78 306
wv_drop_on WV1
wv_drag_item_to WV1 79 508
wv_select_wv_item WV1.PANEL6:1.LEGEND
wv_select_panel WV1.PANEL6:1.LEGEND
wv_waveview_context_menu WV1.PANEL6:1.LINE1
wv_select_context_menu_item {Hide  'v(sae)'}
wv_select_wv_item WV1.MEAS1
wv_drag_item_to WV1 425 351
wv_move_wv_item WV1.MEAS1 398 316
wv_select_wv_item WV1.MEAS1
wv_drag_item_to WV1 418 341
wv_move_wv_item WV1.MEAS1 459 334
wv_select_waveview 1
wv_select_wv_item WV1.MEAS1.ANCHOR1
wv_drag_item_to WV1 404 323
wv_move_wv_item WV1.MEAS1.ANCHOR1 521 310
wv_select_wv_item WV1.MEAS1.ANCHOR2
wv_drag_item_to WV1 459 322
wv_move_wv_item WV1.MEAS1.ANCHOR2 460 328
wv_select_wv_item WV1.MEAS1.ANCHOR1
wv_drag_item_to WV1 512 321
wv_move_wv_item WV1.MEAS1.ANCHOR1 571 330
wv_select_wv_item WV1.MEAS1.ANCHOR2
wv_drag_item_to WV1 462 323
wv_move_wv_item WV1.MEAS1.ANCHOR2 501 326
wv_select_wv_item WV1.MEAS1
wv_drag_item_to WV1 521 357
wv_move_wv_item WV1.MEAS1 515 412
wv_select_panel WV1.PANEL6:1 1.27498e-09 0.383018
wv_drag_item_to WV1 501 323
wv_move_wv_item WV1.PANEL6:1.CURSOR2 503 321
wv_select_wv_item WV1.MEAS1
wv_drag_item_to WV1 556 443
wv_move_wv_item WV1.MEAS1 563 324
wv_select_wv_item WV1.MEAS1.ANCHOR1
wv_drag_item_to WV1 657 418
wv_move_wv_item WV1.MEAS1.ANCHOR1 467 319
wv_select_wv_item WV1.MEAS1.ANCHOR2
wv_drag_item_to WV1 562 318
wv_move_wv_item WV1.MEAS1.ANCHOR2 522 321
wv_select_wv_item WV1.MEAS1
wv_drag_item_to WV1 606 348
wv_move_wv_item WV1.MEAS1 511 324
wv_select_wv_item WV1.MEAS1
wv_drag_item_to WV1 539 349
wv_move_wv_item WV1.MEAS1 468 341
wv_select_panel WV1.PANEL6:1 1.07517e-09 0.0543008
wv_drag_item_to WV1 458 338
wv_move_wv_item WV1.PANEL6:1.CURSOR2 458 337
wv_waveview_context_menu WV1.PANEL6:1.LINE1
wv_select_context_menu_item {Show  'v(sae)'}
wv_select_wv_item WV1.MEAS1.ANCHOR1
wv_drag_item_to WV1 513 317
wv_move_wv_item WV1.MEAS1.ANCHOR1 427 327
wv_select_wv_item WV1.MEAS1.ANCHOR2
wv_drag_item_to WV1 455 323
wv_move_wv_item WV1.MEAS1.ANCHOR2 456 327
wv_select_wv_item WV1.MEAS1.ANCHOR1
wv_move_wv_item WV1.MEAS1.ANCHOR1 430 322
wv_select_wv_item WV1.MEAS1.ANCHOR1
wv_move_wv_item WV1.MEAS1.ANCHOR1 430 322
wv_release_wv_item WV1 430 322
wv_select_wv_item WV1.MEAS1.ANCHOR1
wv_drag_item_to WV1 434 323
wv_move_wv_item WV1.MEAS1.ANCHOR1 508 325
wv_select_waveview 1
wv_select_toolbar_item {Update Waveforms}
wv_move_dialog ReloadFiles 460 271
wv_select_dialog ReloadFiles
wv_press_button ReloadFiles.YesAll
#some signals no longer available in
#'/afs/ir.stanford.edu/users/v/e/veharvey/ee313/project/part2/part2_decoder_Blocked_Slowed_Switched_WR_Voltages.tr0'
wv_horz_scroll sigview 0
wv_select_hierview_item {FILE0:D0:part2_decoder_Blocked_Slowed_Switched_WR_Voltages.tr0} {toplevel}
wv_horz_scroll sigview 234
wv_horz_scroll sigview 160
wv_horz_scroll sigview 131
wv_horz_scroll sigview 129
wv_horz_scroll sigview 25
wv_select_sigview_item v(b0sel_b0)
wv_dclick_sigview_item v(b0sel_b0)
wv_select_wv_item WV1.PANEL11:1.LEGEND
wv_drag_item_to WV1 38 588
wv_drag_enter WV1
wv_drag_to WV1 39 578
wv_drag_to WV1 42 545
wv_drag_to WV1 43 531
wv_drag_to WV1 48 498
wv_drag_to WV1 52 477
wv_drag_to WV1 57 449
wv_drag_to WV1 61 427
wv_drag_to WV1 66 397
wv_drag_to WV1 66 385
wv_drag_to WV1 67 351
wv_drop_on WV1
wv_drag_item_to WV1 39 578
wv_select_wv_item WV1.PANEL6:1.LEGEND
wv_select_panel WV1.PANEL6:1.LEGEND
wv_select_wv_item WV1.PANEL7:1.LEGEND
wv_drag_item_to WV1 77 377
wv_drag_enter WV1
wv_drag_to WV1 75 370
wv_drag_to WV1 72 352
wv_drag_to WV1 70 335
wv_drop_on WV1
wv_drag_item_to WV1 75 370
wv_select_wv_item WV1.MEAS1
wv_drag_item_to WV1 507 347
wv_move_wv_item WV1.MEAS1 473 342
wv_select_wv_item WV1.MEAS1
wv_drag_item_to WV1 514 363
wv_move_wv_item WV1.MEAS1 517 348
wv_horz_scroll sigview 192
wv_horz_scroll sigview 177
wv_horz_scroll sigview 105
wv_select_sigview_item v(ck)
wv_dclick_sigview_item v(ck)
wv_select_wv_item WV1.PANEL11:1.LEGEND
wv_drag_item_to WV1 44 569
wv_drag_enter WV1
wv_drag_to WV1 43 562
wv_drag_to WV1 41 546
wv_drag_to WV1 40 532
wv_drag_to WV1 40 496
wv_drag_to WV1 40 484
wv_drag_to WV1 40 453
wv_drag_to WV1 40 432
wv_drag_to WV1 40 403
wv_drag_to WV1 40 385
wv_drop_on WV1
wv_drag_item_to WV1 43 562
wv_select_waveview 1
wv_select_wv_item WV1.PANEL6:1.LEGEND
wv_select_panel WV1.PANEL6:1.LEGEND
wv_waveview_context_menu WV1.PANEL6:1.LINE1
wv_select_context_menu_item {Hide  'v(sae)'}
wv_waveview_context_menu WV1.PANEL6:1.LINE4
wv_select_context_menu_item {Hide  'v(b0sel_b0)'}
wv_horz_scroll sigview 196
wv_horz_scroll sigview 0
wv_horz_scroll sigview 234
wv_select_sigview_item v(sapc_b)
wv_select_sigview_item v(sapc_b)
wv_dclick_sigview_item v(sapc_b)
wv_select_wv_item WV1.PANEL11:1.LEGEND
wv_select_panel WV1.PANEL11:1.LEGEND
wv_dclick_wv_item WV1.PANEL11:1.LEGEND
wv_move_dialog PanelAttributesDialog 682 165
wv_select_dialog PanelAttributesDialog
wv_release_wv_item WV1 69 329
wv_press_button PanelAttributesDialog.Close
wv_select_wv_item WV1.PANEL11:1.LEGEND
wv_drag_item_to WV1 29 575
wv_drag_enter WV1
wv_drag_to WV1 46 542
wv_drag_to WV1 83 439
wv_drag_to WV1 93 393
wv_drag_to WV1 95 380
wv_drag_to WV1 96 348
wv_drop_on WV1
wv_drag_item_to WV1 46 542
wv_select_wv_item WV1.PANEL6:1.LEGEND
wv_select_panel WV1.PANEL6:1.LEGEND
wv_select_wv_item WV1.PANEL6:1.LEGEND
wv_select_panel WV1.PANEL6:1.LEGEND
wv_select_wv_item WV1.PANEL7:1.LEGEND
wv_drag_item_to WV1 75 365
wv_drag_enter WV1
wv_drag_to WV1 76 359
wv_drag_to WV1 78 346
wv_drag_to WV1 78 335
wv_drop_on WV1
wv_drag_item_to WV1 76 359
wv_select_wv_item WV1.MEAS1
wv_drag_item_to WV1 539 361
wv_move_wv_item WV1.MEAS1 402 375
wv_select_wv_item WV1.MEAS1
wv_drag_item_to WV1 423 407
wv_move_wv_item WV1.MEAS1 358 360
wv_select_waveview 1
wv_select_waveview 1
wv_select_toolbar_item {Update Waveforms}
wv_move_dialog ReloadFiles 460 271
wv_select_dialog ReloadFiles
wv_press_button ReloadFiles.YesAll
wv_select_hierview_item {FILE0:D0:part2_decoder_Blocked_Slowed_Switched_WR_Voltages.tr0} {toplevel}
wv_horz_scroll sigview 164
wv_select_wv_item WV1.PANEL6:1.VSLIDER 193 370
wv_release_wv_item WV1 193 370
wv_select_wv_item WV1.PANEL6:1.VSLIDER 193 370
wv_release_wv_item WV1 193 370
wv_select_wv_item WV1.PANEL6:1.LEGEND
wv_select_panel WV1.PANEL6:1.LEGEND
wv_press_key Down
wv_select_wv_item WV1.PANEL6:1.LEGEND.VSLIDER 11 373
wv_release_wv_item WV1 11 373
wv_select_wv_item WV1.PANEL6:1.LEGEND
wv_select_panel WV1.PANEL6:1.LEGEND
wv_select_wv_item WV1.PANEL6:1.LEGEND
wv_select_panel WV1.PANEL6:1.LEGEND
wv_select_wv_item WV1.PANEL6:1.LEGEND
wv_select_panel WV1.PANEL6:1.LEGEND
wv_select_wv_item WV1.PANEL6:1.LEGEND
wv_select_panel WV1.PANEL6:1.LEGEND
wv_waveview_context_menu WV1.PANEL6:1.LINE5
wv_select_context_menu_item {Hide  'v(sapc_b)'}
wv_horz_scroll sigview 0
wv_horz_scroll sigview 91
wv_horz_scroll sigview 164
wv_select_sigview_item v(blpc_b)
wv_dclick_sigview_item v(blpc_b)
wv_select_wv_item WV1.PANEL11:1.LEGEND
wv_select_panel WV1.PANEL11:1.LEGEND
wv_select_wv_item WV1.PANEL11:1.LEGEND
wv_drag_item_to WV1 32 561
wv_drag_enter WV1
wv_drag_to WV1 32 538
wv_drag_to WV1 32 526
wv_drag_to WV1 43 414
wv_drag_to WV1 51 348
wv_drag_to WV1 56 322
wv_drag_to WV1 56 297
wv_drag_to WV1 55 308
wv_drop_on WV1
wv_drag_item_to WV1 32 538
wv_select_wv_item WV1.MEAS1
wv_drag_item_to WV1 403 347
wv_move_wv_item WV1.MEAS1 383 350
wv_select_wv_item WV1.MEAS1
wv_drag_item_to WV1 358 367
wv_move_wv_item WV1.MEAS1 358 367
wv_select_wv_item WV1.MEAS1
wv_drag_item_to WV1 411 391
wv_move_wv_item WV1.MEAS1 391 350
wv_select_wv_item WV1.MEAS1
wv_drag_item_to WV1 416 376
wv_move_wv_item WV1.MEAS1 356 361
wv_select_waveview 1
wv_select_waveview 1
wv_select_toolbar_item {Update Waveforms}
wv_move_dialog ReloadFiles 460 271
wv_select_dialog ReloadFiles
wv_press_button ReloadFiles.YesAll
wv_select_hierview_item {FILE0:D0:part2_decoder_Blocked_Slowed_Switched_WR_Voltages.tr0} {toplevel}
wv_select_wv_item WV1.MEAS1
wv_drag_item_to WV1 542 380
wv_move_wv_item WV1.MEAS1 384 433
wv_select_wv_item WV1.PANEL9:1.LEGEND
wv_select_panel WV1.PANEL9:1.LEGEND
wv_select_toolbar_item {Update Waveforms}
wv_move_dialog ReloadFiles 461 299
wv_select_dialog ReloadFiles
wv_press_button ReloadFiles.YesAll
wv_select_hierview_item {FILE0:D0:part2_decoder_Blocked_Slowed_Switched_WR_Voltages.tr0} {toplevel}
wv_select_wv_item WV1.MEAS1
wv_drag_item_to WV1 410 459
wv_move_wv_item WV1.MEAS1 369 364
wv_select_wv_item WV1.MEAS1.ANCHOR1
wv_drag_item_to WV1 659 461
wv_move_wv_item WV1.MEAS1.ANCHOR1 345 347
wv_select_wv_item WV1.MEAS1
wv_drag_item_to WV1 441 390
wv_move_wv_item WV1.MEAS1 457 293
wv_select_wv_item WV1.PANEL8:1.LEGEND
wv_select_panel WV1.PANEL8:1.LEGEND
wv_select_toolbar_item {Update Waveforms}
wv_move_dialog ReloadFiles 461 299
wv_select_dialog ReloadFiles
wv_press_button ReloadFiles.Yes
wv_select_hierview_item {FILE0:D0:part2_decoder_Blocked_Slowed_Switched_WR_Voltages.tr0} {toplevel}
wv_select_panel WV1.PANEL9:1 4.23882e-09 0.313215
wv_move_wv_item WV1.PANEL9:1.CURSOR2 1124 489
wv_select_toolbar_item {Update Waveforms}
wv_move_dialog ReloadFiles 460 271
wv_select_dialog ReloadFiles
wv_press_button ReloadFiles.Yes
wv_select_hierview_item {FILE0:D0:part2_decoder_Blocked_Slowed_Switched_WR_Voltages.tr0} {toplevel}
wv_select_wv_item WV1.PANEL8:1.LEGEND
wv_select_panel WV1.PANEL8:1.LEGEND
wv_select_toolbar_item {Update Waveforms}
wv_move_dialog ReloadFiles 461 299
wv_select_dialog ReloadFiles
wv_press_button ReloadFiles.Yes
wv_select_hierview_item {FILE0:D0:part2_decoder_Blocked_Slowed_Switched_WR_Voltages.tr0} {toplevel}
wv_select_wv_item WV1.PANEL9:1.LEGEND
wv_select_panel WV1.PANEL9:1.LEGEND
wv_select_toolbar_item {Update Waveforms}
wv_move_dialog ReloadFiles 1 28
wv_select_dialog ReloadFiles
wv_press_button ReloadFiles.Yes
wv_select_hierview_item {FILE0:D0:part2_decoder_Blocked_Slowed_Switched_WR_Voltages.tr0} {toplevel}
wv_select_wv_item WV1.PANEL8:1.LEGEND
wv_select_panel WV1.PANEL8:1.LEGEND
wv_select_toolbar_item {Update Waveforms}
wv_move_dialog ReloadFiles 460 271
wv_select_dialog ReloadFiles
wv_press_button ReloadFiles.Yes
wv_select_hierview_item {FILE0:D0:part2_decoder_Blocked_Slowed_Switched_WR_Voltages.tr0} {toplevel}
wv_select_toolbar_item {Update Waveforms}
wv_move_dialog ReloadFiles 460 271
wv_select_dialog ReloadFiles
wv_press_button ReloadFiles.Yes
wv_select_hierview_item {FILE0:D0:part2_decoder_Blocked_Slowed_Switched_WR_Voltages.tr0} {toplevel}
wv_select_wv_item WV1.PANEL8:1.LEGEND
wv_select_panel WV1.PANEL8:1.LEGEND
wv_select_menu_item {File} {Import Waveform File ...}
wv_move_dialog FileDialog 678 108
wv_select_dialog FileDialog
wv_set_text FileDialog.FileName {part2_decoder_Blocked_Slowed_Switched_WR_Voltages.tr0}
wv_horz_scroll FileDialog.FileList 32
wv_horz_scroll FileDialog.FileList 64
wv_horz_scroll FileDialog.FileList 96
wv_horz_scroll FileDialog.FileList 128
wv_horz_scroll FileDialog.FileList 160
wv_select_list_item FileDialog.FileList idsat_tb.tr0
wv_horz_scroll FileDialog.FileList 166
wv_press_button FileDialog.Ok
wv_select_hierview_item {FILE1:D0:idsat_tb.tr0}
wv_horz_scroll sigview 0
wv_select_hierview_item {FILE1:D0:idsat_tb.tr0}
wv_dclick_hierview_item {FILE1:D0:idsat_tb.tr0}
wv_select_hierview_item {FILE1:D0:idsat_tb.tr0} {toplevel}
wv_select_sigview_item par(idsat)
wv_select_sigview_item par(idsat)
wv_dclick_sigview_item par(idsat)
wv_select_waveview 1
wv_select_hierview_item {FILE1:D0:idsat_tb.tr0}
wv_hierview_context_menu {FILE1:D0:idsat_tb.tr0}
wv_select_context_menu_item {Close This File}
wv_move_dialog Confirmation 768 305
wv_select_dialog Confirmation
wv_press_button Confirmation.Ok
wv_select_menu_item {File} {Import Waveform File ...}
wv_move_dialog FileDialog 679 136
wv_select_dialog FileDialog
wv_set_text FileDialog.FileName {idsat_tb.tr0}
wv_horz_scroll FileDialog.FileList 32
wv_horz_scroll FileDialog.FileList 64
wv_horz_scroll FileDialog.FileList 96
wv_horz_scroll FileDialog.FileList 128
wv_horz_scroll FileDialog.FileList 160
wv_horz_scroll FileDialog.FileList 192
wv_horz_scroll FileDialog.FileList 224
wv_horz_scroll FileDialog.FileList 256
wv_horz_scroll FileDialog.FileList 288
wv_horz_scroll FileDialog.FileList 320
wv_horz_scroll FileDialog.FileList 352
wv_horz_scroll FileDialog.FileList 384
wv_horz_scroll FileDialog.FileList 416
wv_horz_scroll FileDialog.FileList 448
wv_horz_scroll FileDialog.FileList 480
wv_horz_scroll FileDialog.FileList 512
wv_horz_scroll FileDialog.FileList 544
wv_horz_scroll FileDialog.FileList 576
wv_horz_scroll FileDialog.FileList 608
wv_horz_scroll FileDialog.FileList 640
wv_horz_scroll FileDialog.FileList 672
wv_horz_scroll FileDialog.FileList 704
wv_horz_scroll FileDialog.FileList 736
wv_horz_scroll FileDialog.FileList 768
wv_horz_scroll FileDialog.FileList 800
wv_horz_scroll FileDialog.FileList 832
wv_horz_scroll FileDialog.FileList 864
wv_horz_scroll FileDialog.FileList 896
wv_horz_scroll FileDialog.FileList 928
wv_horz_scroll FileDialog.FileList 960
wv_horz_scroll FileDialog.FileList 992
wv_horz_scroll FileDialog.FileList 1024
wv_horz_scroll FileDialog.FileList 1056
wv_horz_scroll FileDialog.FileList 1088
wv_horz_scroll FileDialog.FileList 1120
wv_horz_scroll FileDialog.FileList 1152
wv_horz_scroll FileDialog.FileList 1184
wv_horz_scroll FileDialog.FileList 1216
wv_horz_scroll FileDialog.FileList 1248
wv_horz_scroll FileDialog.FileList 1280
wv_horz_scroll FileDialog.FileList 1312
wv_horz_scroll FileDialog.FileList 1344
wv_horz_scroll FileDialog.FileList 1376
wv_horz_scroll FileDialog.FileList 1408
wv_horz_scroll FileDialog.FileList 1440
wv_horz_scroll FileDialog.FileList 1472
wv_horz_scroll FileDialog.FileList 1504
wv_horz_scroll FileDialog.FileList 1536
wv_horz_scroll FileDialog.FileList 1568
wv_horz_scroll FileDialog.FileList 1600
wv_horz_scroll FileDialog.FileList 1632
wv_horz_scroll FileDialog.FileList 1664
wv_horz_scroll FileDialog.FileList 1696
wv_horz_scroll FileDialog.FileList 1728
wv_horz_scroll FileDialog.FileList 1760
wv_horz_scroll FileDialog.FileList 1792
wv_horz_scroll FileDialog.FileList 1824
wv_horz_scroll FileDialog.FileList 1856
wv_horz_scroll FileDialog.FileList 1888
wv_horz_scroll FileDialog.FileList 1920
wv_horz_scroll FileDialog.FileList 1952
wv_horz_scroll FileDialog.FileList 1984
wv_horz_scroll FileDialog.FileList 2016
wv_horz_scroll FileDialog.FileList 2048
wv_select_list_item FileDialog.FileList sense_amp_power_tb.tr0
wv_press_button FileDialog.Ok
wv_select_hierview_item {FILE1:D0:sense_amp_power_tb.tr0}
wv_select_hierview_item {FILE1:D0:sense_amp_power_tb.tr0}
wv_dclick_hierview_item {FILE1:D0:sense_amp_power_tb.tr0}
wv_select_hierview_item {FILE1:D0:sense_amp_power_tb.tr0} {toplevel}
wv_select_sigview_item i(v_supply1)
wv_dclick_sigview_item i(v_supply1)
wv_select_sigview_item i(v_supply)
wv_dclick_sigview_item i(v_supply)
wv_select_wv_item WV1.PANEL10:1.CURSOR1
wv_drag_item_to WV1 356 461
wv_move_wv_item WV1.PANEL10:1.CURSOR1 347 458
wv_select_wv_item WV1.PANEL10:1.CURSOR1
wv_move_wv_item WV1.PANEL10:1.CURSOR1 347 458
wv_select_sigview_item i(vsapc_b)
wv_dclick_sigview_item i(vsapc_b)
wv_select_sigview_item i(vsae)
wv_dclick_sigview_item i(vsae)
wv_select_sigview_item i(vsel_b0)
wv_dclick_sigview_item i(vsel_b0)
wv_select_wv_item WV1.PANEL15:1.LEGEND
wv_select_panel WV1.PANEL15:1.LEGEND
wv_press_key Delete
wv_move_dialog Confirmation 768 305
wv_select_dialog Confirmation
wv_press_button Confirmation.Ok
wv_select_wv_item WV1.PANEL12:1.CURSOR1
wv_drag_item_to WV1 345 501
wv_move_wv_item WV1.PANEL12:1.CURSOR1 310 510
wv_select_sigview_item v(sapc_b)
wv_dclick_sigview_item v(sapc_b)
wv_select_wv_item WV1.PANEL13:1.CURSOR1
wv_drag_item_to WV1 309 508
wv_move_wv_item WV1.PANEL13:1.CURSOR1 290 508
wv_select_wv_item WV1.PANEL13:1.CURSOR1
wv_drag_item_to WV1 288 508
wv_move_wv_item WV1.PANEL13:1.CURSOR1 287 508
wv_release_wv_item WV1 282 507
wv_select_wv_item WV1.PANEL13:1.CURSOR1
wv_drag_item_to WV1 287 497
wv_move_wv_item WV1.PANEL13:1.CURSOR1 336 498
wv_select_waveview 1
wv_select_wv_item WV1.PANEL13:1.CURSOR1
wv_drag_item_to WV1 338 497
wv_move_wv_item WV1.PANEL13:1.CURSOR1 350 499
wv_select_panel WV1.PANEL13:1 2.29496e-09 -3.28946e-06
wv_drag_item_to WV1 368 497
wv_zoom WV1.PANEL13:1 2.29496e-09 -3.28946e-06 2.46622e-09 -3.28946e-06
wv_select_wv_item WV1.ICON.zoomout
wv_release_wv_item WV1 38 9
wv_select_wv_item WV1.ICON.unzoom
wv_release_wv_item WV1 52 13
wv_select_wv_item WV1.PANEL13:1.CURSOR1
wv_drag_item_to WV1 355 499
wv_move_wv_item WV1.PANEL13:1.CURSOR1 407 503
wv_select_wv_item WV1.PANEL14:1.CURSOR1
wv_drag_item_to WV1 405 536
wv_move_wv_item WV1.PANEL14:1.CURSOR1 398 533
wv_select_panel WV1.PANEL12:1 1.52084e-08 -8.7425e-07
wv_move_wv_item WV1.PANEL12:1.CURSOR1 1121 448
wv_select_toolbar_item {Update Waveforms}
wv_move_dialog ReloadFiles 1 28
wv_select_dialog ReloadFiles
wv_press_button ReloadFiles.YesAll
wv_select_wv_item WV1.PANEL11:1.CURSOR2
wv_drag_item_to WV1 480 437
wv_move_wv_item WV1.PANEL11:1.CURSOR2 368 450
wv_select_panel WV1.PANEL14:1 3.42531e-11 2.99114e-05
wv_move_wv_item WV1.PANEL14:1.CURSOR2 235 517
wv_select_toolbar_item {Update Waveforms}
wv_move_dialog ReloadFiles 562 271
wv_select_dialog ReloadFiles
wv_press_button ReloadFiles.Yes
wv_select_wv_item WV1.PANEL11:1.CURSOR2
wv_drag_item_to WV1 233 424
wv_move_wv_item WV1.PANEL11:1.CURSOR2 342 441
wv_select_wv_item WV1.PANEL12:1.CURSOR2
wv_drag_item_to WV1 340 447
wv_move_wv_item WV1.PANEL12:1.CURSOR2 334 420
wv_select_wv_item WV1.PANEL11:1.CURSOR2
wv_drag_item_to WV1 335 420
wv_move_wv_item WV1.PANEL11:1.CURSOR2 394 415
wv_select_waveview 1
wv_select_wv_item WV1.PANEL13:1.CURSOR2
wv_drag_item_to WV1 393 492
wv_move_wv_item WV1.PANEL13:1.CURSOR2 353 531
wv_select_wv_item WV1.PANEL14:1.CURSOR2
wv_drag_item_to WV1 354 531
wv_move_wv_item WV1.PANEL14:1.CURSOR2 336 511
wv_select_wv_item WV1.PANEL13:1.CURSOR2
wv_drag_item_to WV1 338 508
wv_move_wv_item WV1.PANEL13:1.CURSOR2 341 504
wv_select_wv_item WV1.PANEL13:1.CURSOR2
wv_drag_item_to WV1 343 495
wv_move_wv_item WV1.PANEL13:1.CURSOR2 377 418
wv_select_wv_item WV1.PANEL11:1.CURSOR2
wv_drag_item_to WV1 372 418
wv_move_wv_item WV1.PANEL11:1.CURSOR2 395 413
wv_select_waveview 1
wv_select_panel WV1.PANEL11:1 2.87726e-09 6.16767e-07
wv_drag_item_to WV1 400 413
wv_zoom WV1.PANEL11:1 2.87726e-09 6.16767e-07 1.95243e-09 -4.88791e-05
wv_select_wv_item WV1.ICON.zoomout
wv_release_wv_item WV1 41 16
wv_select_wv_item WV1.ICON.zoomout
wv_release_wv_item WV1 42 13
wv_select_wv_item WV1.PANEL11:1.CURSOR2
wv_drag_item_to WV1 856 413
wv_move_wv_item WV1.PANEL11:1.CURSOR2 632 514
wv_select_wv_item WV1.PANEL14:1.CURSOR2
wv_move_wv_item WV1.PANEL14:1.CURSOR2 632 514
wv_release_wv_item WV1 632 514
wv_select_wv_item WV1.PANEL14:1.CURSOR2
wv_move_wv_item WV1.PANEL14:1.CURSOR2 632 514
wv_release_wv_item WV1 632 514
wv_select_wv_item WV1.PANEL14:1.CURSOR2
wv_move_wv_item WV1.PANEL14:1.CURSOR2 632 514
wv_select_wv_item WV1.PANEL14:1.CURSOR2
wv_move_wv_item WV1.PANEL14:1.CURSOR2 632 514
wv_select_panel WV1.PANEL3:1 1.73351e-09 0.992555
wv_move_wv_item WV1.PANEL3:1.CURSOR2 561 120
wv_select_hierview_item {FILE0:D0:part2_decoder_Blocked_Slowed_Switched_WR_Voltages.tr0}
wv_select_hierview_item {FILE1:D0:sense_amp_power_tb.tr0}
wv_hierview_context_menu {FILE1:D0:sense_amp_power_tb.tr0}
wv_select_context_menu_item {Close All}
wv_move_dialog Confirmation 1 28
wv_select_dialog Confirmation
wv_press_button Confirmation.Ok
wv_select_menu_item {File} {Load Session ...}
wv_move_dialog FileDialog 694 202
wv_select_dialog FileDialog
wv_set_text FileDialog.FileName {}
wv_select_list_item FileDialog.FileList part2_decoder_Blocked_Slowed_Switched_WR_Voltages.sx
wv_press_button FileDialog.Ok
#[13] signal 'v(b0wl0_b)' not found
#[15] signal 'v(b0wl255_b)' not found
#[17] signal 'v(b3wl0_b)' not found
#[19] signal 'v(b3wl255_b)' not found
wv_select_wv_item WV1.PANEL1:1.LEGEND
wv_select_panel WV1.PANEL1:1.LEGEND
wv_select_wv_item WV1.PANEL1:1.LEGEND
wv_select_panel WV1.PANEL1:1.LEGEND
wv_select_panel WV1.PANEL1:1 5.18583e-11 0.00705565
wv_select_wv_item WV1.PANEL1:1.LEGEND
wv_select_panel WV1.PANEL1:1.LEGEND
wv_waveview_context_menu WV1.PANEL1:1.LINE4
wv_select_context_menu_item {Signal  'v(wren)'} {Change Color} {}
wv_select_panel WV1.PANEL1:1 4.27831e-10 0.0493896
wv_close_window CustomWaveView
wv_move_dialog Confirmation 767 277
wv_select_dialog Confirmation
# wv_press_button Confirmation.Ok
